1565774765492	mozrunner::runner	INFO	Running command: "C:\\Program Files\\Mozilla Firefox\\firefox.exe" "-marionette" "-foreground" "-no-remote" "-profile" "C:\\Users\\Mir\\AppData\\Local\\Temp\\rust_mozprofile.DRNHMwjkjzMh"
1565774769437	Marionette	INFO	Listening on port 60464
1565774769815	Marionette	WARN	TLS certificate errors will be ignored for this session
1565774769851	Marionette	DEBUG	[6442450945] Frame script loaded
1565774769853	Marionette	DEBUG	[6442450945] Frame script registered
1565774769974	Marionette	DEBUG	[6442450945] Received DOM event beforeunload for about:blank
1565774770670	Marionette	DEBUG	[6442450945] Received DOM event pagehide for about:blank
1565774771467	Marionette	DEBUG	[6442450945] Received DOM event DOMContentLoaded for https://www.facebook.com/
1565774772160	Marionette	DEBUG	[6442450945] Received DOM event pageshow for https://www.facebook.com/
1565774786146	Marionette	DEBUG	[6442450945] Received observer notification outer-window-destroyed for 6442451027
1565774786232	Marionette	DEBUG	[6442450945] Canceled page load listener because no navigation has been detected
1565774786540	Marionette	DEBUG	[6442450945] Canceled page load listener because no navigation has been detected
1565774787532	Marionette	DEBUG	[6442450945] Canceled page load listener because no navigation has been detected
1565774788321	Marionette	DEBUG	[6442450945] Canceled page load listener because no navigation has been detected
1565774790698	Marionette	DEBUG	[6442450945] Canceled page load listener because no navigation has been detected
1565774790948	Marionette	DEBUG	[6442450945] Canceled page load listener because no navigation has been detected
1565774791292	Marionette	INFO	Stopped listening on port 60464
IPDL protocol error: Handler returned error code!

###!!! [Parent][DispatchAsyncMessage] Error: PLayerTransaction::Msg_ReleaseLayer Processing error: message was deserialized, but the handler returned false (indicating failure)

[Child 22852, Chrome_ChildThread] WARNING: pipe error: 109: file z:/build/build/src/ipc/chromium/src/chrome/common/ipc_channel_win.cc, line 346

###!!! [Child][RunMessage] Error: Channel closing: too late to send/recv, messages will be lost


###!!! [Child][RunMessage] Error: Channel closing: too late to send/recv, messages will be lost


###!!! [Child][RunMessage] Error: Channel closing: too late to send/recv, messages will be lost


###!!! [Child][RunMessage] Error: Channel closing: too late to send/recv, messages will be lost


###!!! [Child][RunMessage] Error: Channel closing: too late to send/recv, messages will be lost


###!!! [Child][RunMessage] Error: Channel closing: too late to send/recv, messages will be lost


###!!! [Child][RunMessage] Error: Channel closing: too late to send/recv, messages will be lost


###!!! [Child][MessageChannel] Error: (msgtype=0x2E00B1,name=PContent::Msg_ScriptError) Channel closing: too late to send/recv, messages will be lost


###!!! [Child][MessageChannel] Error: (msgtype=0x910006,name=PWebSocket::Msg_DeleteSelf) Channel closing: too late to send/recv, messages will be lost


###!!! [Child][RunMessage] Error: Channel closing: too late to send/recv, messages will be lost

[GPU 15404, Chrome_ChildThread] WARNING: pipe error: 109: file z:/build/build/src/ipc/chromium/src/chrome/common/ipc_channel_win.cc, line 346

###!!! [Child][MessageChannel::SendAndWait] Error: Channel error: cannot send/recv

